Arguments: 
  d:\Program Files\nodejs\node.exe d:\Program Files\nodejs\node_modules\yarn\bin\yarn.js serve

PATH: 
  d:\Ruby23-x64\bin;C:\windows\system32;C:\windows;C:\windows\System32\Wbem;C:\windows\System32\WindowsPowerShell\v1.0\;D:\Program Files (x86)\Microsoft SQL Server\100\Tools\Binn\;D:\Program Files\Microsoft SQL Server\100\Tools\Binn\;D:\Program Files\Microsoft SQL Server\100\DTS\Binn\;D:\Program Files (x86)\Microsoft SQL Server\100\Tools\Binn\VSShell\Common7\IDE\;C:\Program Files (x86)\Microsoft Visual Studio 9.0\Common7\IDE\PrivateAssemblies\;D:\Program Files (x86)\Microsoft SQL Server\100\DTS\Binn\;D:\Program Files\TortoiseSVN\bin;D:\java8\bin;D:\java8\jre\bin;C:\Program Files\MongoDB\Server\3.4\bin;C:\Users\Administrator\AppData\Roaming\nvm;d:\Program Files\nodejs;d:\Program Files (x86)\Microsoft VS Code\bin;C:\Users\Administrator\AppData\Roaming\nvm;d:\Program Files\nodejs

Yarn version: 
  1.5.1

Node version: 
  8.10.0

Platform: 
  win32 x64

npm manifest: 
  No manifest

yarn manifest: 
  No manifest

Lockfile: 
  No lockfile

Trace: 
  Error: Couldn't find a package.json file in "F:\\eggjs\\blog"
      at new MessageError (C:\Users\Administrator\AppData\Roaming\nvm\v8.10.0\node_modules\yarn\lib\cli.js:186:110)
      at C:\Users\Administrator\AppData\Roaming\nvm\v8.10.0\node_modules\yarn\lib\cli.js:40048:15
      at Generator.next (<anonymous>)
      at step (C:\Users\Administrator\AppData\Roaming\nvm\v8.10.0\node_modules\yarn\lib\cli.js:98:30)
      at C:\Users\Administrator\AppData\Roaming\nvm\v8.10.0\node_modules\yarn\lib\cli.js:109:13
      at <anonymous>
